I, [2014-05-03T21:12:35.847986 #59197]  INFO -- Kitchen: -----> Starting Kitchen (v1.2.2.dev)
E, [2014-05-03T21:12:35.854243 #59197] ERROR -- Kitchen: ------Exception-------
E, [2014-05-03T21:12:35.854273 #59197] ERROR -- Kitchen: Class: Kitchen::UserError
E, [2014-05-03T21:12:35.854294 #59197] ERROR -- Kitchen: Message: Error parsing /Users/chris.antenesse/repos/netcalc/cookbook/.kitchen.yml as YAML.
Please run `kitchen diagnose --no-instances --loader' to help debug your issue.
E, [2014-05-03T21:12:35.854323 #59197] ERROR -- Kitchen: ---Nested Exception---
E, [2014-05-03T21:12:35.854343 #59197] ERROR -- Kitchen: Class: Psych::SyntaxError
E, [2014-05-03T21:12:35.854361 #59197] ERROR -- Kitchen: Message: (<unknown>): did not find expected '-' indicator while parsing a block collection at line 13 column 9
E, [2014-05-03T21:12:35.854381 #59197] ERROR -- Kitchen: ------Backtrace-------
E, [2014-05-03T21:12:35.854399 #59197] ERROR -- Kitchen: /opt/chefdk/embedded/apps/test-kitchen/lib/kitchen/loader/yaml.rb:211:in `rescue in parse_yaml_string'
E, [2014-05-03T21:12:35.854434 #59197] ERROR -- Kitchen: /opt/chefdk/embedded/apps/test-kitchen/lib/kitchen/loader/yaml.rb:200:in `parse_yaml_string'
E, [2014-05-03T21:12:35.854454 #59197] ERROR -- Kitchen: /opt/chefdk/embedded/apps/test-kitchen/lib/kitchen/loader/yaml.rb:113:in `yaml'
E, [2014-05-03T21:12:35.854476 #59197] ERROR -- Kitchen: /opt/chefdk/embedded/apps/test-kitchen/lib/kitchen/loader/yaml.rb:105:in `combined_hash'
E, [2014-05-03T21:12:35.854506 #59197] ERROR -- Kitchen: /opt/chefdk/embedded/apps/test-kitchen/lib/kitchen/loader/yaml.rb:77:in `read'
E, [2014-05-03T21:12:35.854534 #59197] ERROR -- Kitchen: /opt/chefdk/embedded/apps/test-kitchen/lib/kitchen/config.rb:78:in `data'
E, [2014-05-03T21:12:35.854554 #59197] ERROR -- Kitchen: /opt/chefdk/embedded/apps/test-kitchen/lib/kitchen/config.rb:66:in `suites'
E, [2014-05-03T21:12:35.854573 #59197] ERROR -- Kitchen: /opt/chefdk/embedded/apps/test-kitchen/lib/kitchen/config.rb:90:in `filter_instances'
E, [2014-05-03T21:12:35.854593 #59197] ERROR -- Kitchen: /opt/chefdk/embedded/apps/test-kitchen/lib/kitchen/config.rb:72:in `build_instances'
E, [2014-05-03T21:12:35.854612 #59197] ERROR -- Kitchen: /opt/chefdk/embedded/apps/test-kitchen/lib/kitchen/config.rb:52:in `instances'
E, [2014-05-03T21:12:35.854631 #59197] ERROR -- Kitchen: /opt/chefdk/embedded/apps/test-kitchen/lib/kitchen/command.rb:64:in `get_filtered_instances'
E, [2014-05-03T21:12:35.854653 #59197] ERROR -- Kitchen: /opt/chefdk/embedded/apps/test-kitchen/lib/kitchen/command.rb:85:in `parse_subcommand'
E, [2014-05-03T21:12:35.854673 #59197] ERROR -- Kitchen: /opt/chefdk/embedded/apps/test-kitchen/lib/kitchen/command/action.rb:37:in `block in call'
E, [2014-05-03T21:12:35.854692 #59197] ERROR -- Kitchen: /opt/chefdk/embedded/lib/ruby/2.1.0/benchmark.rb:279:in `measure'
E, [2014-05-03T21:12:35.854711 #59197] ERROR -- Kitchen: /opt/chefdk/embedded/apps/test-kitchen/lib/kitchen/command/action.rb:36:in `call'
E, [2014-05-03T21:12:35.854730 #59197] ERROR -- Kitchen: /opt/chefdk/embedded/apps/test-kitchen/lib/kitchen/cli.rb:47:in `perform'
E, [2014-05-03T21:12:35.854749 #59197] ERROR -- Kitchen: /opt/chefdk/embedded/apps/test-kitchen/lib/kitchen/cli.rb:118:in `block (2 levels) in <class:CLI>'
E, [2014-05-03T21:12:35.854768 #59197] ERROR -- Kitchen: /opt/chefdk/embedded/lib/ruby/gems/2.1.0/gems/thor-0.19.1/lib/thor/command.rb:27:in `run'
E, [2014-05-03T21:12:35.854787 #59197] ERROR -- Kitchen: /opt/chefdk/embedded/lib/ruby/gems/2.1.0/gems/thor-0.19.1/lib/thor/invocation.rb:126:in `invoke_command'
E, [2014-05-03T21:12:35.854807 #59197] ERROR -- Kitchen: /opt/chefdk/embedded/apps/test-kitchen/lib/kitchen/cli.rb:243:in `invoke_task'
E, [2014-05-03T21:12:35.854828 #59197] ERROR -- Kitchen: /opt/chefdk/embedded/lib/ruby/gems/2.1.0/gems/thor-0.19.1/lib/thor.rb:359:in `dispatch'
E, [2014-05-03T21:12:35.854861 #59197] ERROR -- Kitchen: /opt/chefdk/embedded/lib/ruby/gems/2.1.0/gems/thor-0.19.1/lib/thor/base.rb:440:in `start'
E, [2014-05-03T21:12:35.854880 #59197] ERROR -- Kitchen: /opt/chefdk/embedded/apps/test-kitchen/bin/kitchen:13:in `block in <top (required)>'
E, [2014-05-03T21:12:35.854908 #59197] ERROR -- Kitchen: /opt/chefdk/embedded/apps/test-kitchen/lib/kitchen/errors.rb:81:in `with_friendly_errors'
E, [2014-05-03T21:12:35.854929 #59197] ERROR -- Kitchen: /opt/chefdk/embedded/apps/test-kitchen/bin/kitchen:13:in `<top (required)>'
E, [2014-05-03T21:12:35.854948 #59197] ERROR -- Kitchen: /usr/bin/kitchen:10:in `load'
E, [2014-05-03T21:12:35.854967 #59197] ERROR -- Kitchen: /usr/bin/kitchen:10:in `<main>'
E, [2014-05-03T21:12:35.854986 #59197] ERROR -- Kitchen: ----------------------
I, [2014-05-03T21:13:17.724945 #59205]  INFO -- Kitchen: -----> Starting Kitchen (v1.2.2.dev)
E, [2014-05-03T21:13:17.726752 #59205] ERROR -- Kitchen: ------Exception-------
E, [2014-05-03T21:13:17.726784 #59205] ERROR -- Kitchen: Class: Kitchen::UserError
E, [2014-05-03T21:13:17.726805 #59205] ERROR -- Kitchen: Message: Error parsing /Users/chris.antenesse/repos/netcalc/cookbook/.kitchen.yml as YAML.
Please run `kitchen diagnose --no-instances --loader' to help debug your issue.
E, [2014-05-03T21:13:17.726838 #59205] ERROR -- Kitchen: ---Nested Exception---
E, [2014-05-03T21:13:17.726858 #59205] ERROR -- Kitchen: Class: Psych::SyntaxError
E, [2014-05-03T21:13:17.726877 #59205] ERROR -- Kitchen: Message: (<unknown>): did not find expected '-' indicator while parsing a block collection at line 13 column 9
E, [2014-05-03T21:13:17.726896 #59205] ERROR -- Kitchen: ------Backtrace-------
E, [2014-05-03T21:13:17.726915 #59205] ERROR -- Kitchen: /opt/chefdk/embedded/apps/test-kitchen/lib/kitchen/loader/yaml.rb:211:in `rescue in parse_yaml_string'
E, [2014-05-03T21:13:17.726938 #59205] ERROR -- Kitchen: /opt/chefdk/embedded/apps/test-kitchen/lib/kitchen/loader/yaml.rb:200:in `parse_yaml_string'
E, [2014-05-03T21:13:17.726958 #59205] ERROR -- Kitchen: /opt/chefdk/embedded/apps/test-kitchen/lib/kitchen/loader/yaml.rb:113:in `yaml'
E, [2014-05-03T21:13:17.726977 #59205] ERROR -- Kitchen: /opt/chefdk/embedded/apps/test-kitchen/lib/kitchen/loader/yaml.rb:105:in `combined_hash'
E, [2014-05-03T21:13:17.726997 #59205] ERROR -- Kitchen: /opt/chefdk/embedded/apps/test-kitchen/lib/kitchen/loader/yaml.rb:77:in `read'
E, [2014-05-03T21:13:17.727016 #59205] ERROR -- Kitchen: /opt/chefdk/embedded/apps/test-kitchen/lib/kitchen/config.rb:78:in `data'
E, [2014-05-03T21:13:17.727036 #59205] ERROR -- Kitchen: /opt/chefdk/embedded/apps/test-kitchen/lib/kitchen/config.rb:66:in `suites'
E, [2014-05-03T21:13:17.727055 #59205] ERROR -- Kitchen: /opt/chefdk/embedded/apps/test-kitchen/lib/kitchen/config.rb:90:in `filter_instances'
E, [2014-05-03T21:13:17.727074 #59205] ERROR -- Kitchen: /opt/chefdk/embedded/apps/test-kitchen/lib/kitchen/config.rb:72:in `build_instances'
E, [2014-05-03T21:13:17.727106 #59205] ERROR -- Kitchen: /opt/chefdk/embedded/apps/test-kitchen/lib/kitchen/config.rb:52:in `instances'
E, [2014-05-03T21:13:17.727126 #59205] ERROR -- Kitchen: /opt/chefdk/embedded/apps/test-kitchen/lib/kitchen/command.rb:64:in `get_filtered_instances'
E, [2014-05-03T21:13:17.727145 #59205] ERROR -- Kitchen: /opt/chefdk/embedded/apps/test-kitchen/lib/kitchen/command.rb:85:in `parse_subcommand'
E, [2014-05-03T21:13:17.727164 #59205] ERROR -- Kitchen: /opt/chefdk/embedded/apps/test-kitchen/lib/kitchen/command/action.rb:37:in `block in call'
E, [2014-05-03T21:13:17.727184 #59205] ERROR -- Kitchen: /opt/chefdk/embedded/lib/ruby/2.1.0/benchmark.rb:279:in `measure'
E, [2014-05-03T21:13:17.727203 #59205] ERROR -- Kitchen: /opt/chefdk/embedded/apps/test-kitchen/lib/kitchen/command/action.rb:36:in `call'
E, [2014-05-03T21:13:17.727226 #59205] ERROR -- Kitchen: /opt/chefdk/embedded/apps/test-kitchen/lib/kitchen/cli.rb:47:in `perform'
E, [2014-05-03T21:13:17.727245 #59205] ERROR -- Kitchen: /opt/chefdk/embedded/apps/test-kitchen/lib/kitchen/cli.rb:118:in `block (2 levels) in <class:CLI>'
E, [2014-05-03T21:13:17.727265 #59205] ERROR -- Kitchen: /opt/chefdk/embedded/lib/ruby/gems/2.1.0/gems/thor-0.19.1/lib/thor/command.rb:27:in `run'
E, [2014-05-03T21:13:17.727284 #59205] ERROR -- Kitchen: /opt/chefdk/embedded/lib/ruby/gems/2.1.0/gems/thor-0.19.1/lib/thor/invocation.rb:126:in `invoke_command'
E, [2014-05-03T21:13:17.727319 #59205] ERROR -- Kitchen: /opt/chefdk/embedded/apps/test-kitchen/lib/kitchen/cli.rb:243:in `invoke_task'
E, [2014-05-03T21:13:17.727340 #59205] ERROR -- Kitchen: /opt/chefdk/embedded/lib/ruby/gems/2.1.0/gems/thor-0.19.1/lib/thor.rb:359:in `dispatch'
E, [2014-05-03T21:13:17.727359 #59205] ERROR -- Kitchen: /opt/chefdk/embedded/lib/ruby/gems/2.1.0/gems/thor-0.19.1/lib/thor/base.rb:440:in `start'
E, [2014-05-03T21:13:17.727378 #59205] ERROR -- Kitchen: /opt/chefdk/embedded/apps/test-kitchen/bin/kitchen:13:in `block in <top (required)>'
E, [2014-05-03T21:13:17.727397 #59205] ERROR -- Kitchen: /opt/chefdk/embedded/apps/test-kitchen/lib/kitchen/errors.rb:81:in `with_friendly_errors'
E, [2014-05-03T21:13:17.727416 #59205] ERROR -- Kitchen: /opt/chefdk/embedded/apps/test-kitchen/bin/kitchen:13:in `<top (required)>'
E, [2014-05-03T21:13:17.727450 #59205] ERROR -- Kitchen: /usr/bin/kitchen:10:in `load'
E, [2014-05-03T21:13:17.727470 #59205] ERROR -- Kitchen: /usr/bin/kitchen:10:in `<main>'
E, [2014-05-03T21:13:17.727489 #59205] ERROR -- Kitchen: ----------------------
I, [2014-05-03T21:13:58.291753 #59207]  INFO -- Kitchen: -----> Starting Kitchen (v1.2.2.dev)
E, [2014-05-03T21:13:58.293893 #59207] ERROR -- Kitchen: ------Exception-------
E, [2014-05-03T21:13:58.293957 #59207] ERROR -- Kitchen: Class: Kitchen::UserError
E, [2014-05-03T21:13:58.293979 #59207] ERROR -- Kitchen: Message: Error parsing /Users/chris.antenesse/repos/netcalc/cookbook/.kitchen.yml as YAML.
Please run `kitchen diagnose --no-instances --loader' to help debug your issue.
E, [2014-05-03T21:13:58.294000 #59207] ERROR -- Kitchen: ---Nested Exception---
E, [2014-05-03T21:13:58.294022 #59207] ERROR -- Kitchen: Class: Psych::SyntaxError
E, [2014-05-03T21:13:58.294042 #59207] ERROR -- Kitchen: Message: (<unknown>): did not find expected '-' indicator while parsing a block collection at line 13 column 9
E, [2014-05-03T21:13:58.294062 #59207] ERROR -- Kitchen: ------Backtrace-------
E, [2014-05-03T21:13:58.294082 #59207] ERROR -- Kitchen: /opt/chefdk/embedded/apps/test-kitchen/lib/kitchen/loader/yaml.rb:211:in `rescue in parse_yaml_string'
E, [2014-05-03T21:13:58.294102 #59207] ERROR -- Kitchen: /opt/chefdk/embedded/apps/test-kitchen/lib/kitchen/loader/yaml.rb:200:in `parse_yaml_string'
E, [2014-05-03T21:13:58.294123 #59207] ERROR -- Kitchen: /opt/chefdk/embedded/apps/test-kitchen/lib/kitchen/loader/yaml.rb:113:in `yaml'
E, [2014-05-03T21:13:58.294143 #59207] ERROR -- Kitchen: /opt/chefdk/embedded/apps/test-kitchen/lib/kitchen/loader/yaml.rb:105:in `combined_hash'
E, [2014-05-03T21:13:58.294163 #59207] ERROR -- Kitchen: /opt/chefdk/embedded/apps/test-kitchen/lib/kitchen/loader/yaml.rb:77:in `read'
E, [2014-05-03T21:13:58.294184 #59207] ERROR -- Kitchen: /opt/chefdk/embedded/apps/test-kitchen/lib/kitchen/config.rb:78:in `data'
E, [2014-05-03T21:13:58.294207 #59207] ERROR -- Kitchen: /opt/chefdk/embedded/apps/test-kitchen/lib/kitchen/config.rb:66:in `suites'
E, [2014-05-03T21:13:58.294229 #59207] ERROR -- Kitchen: /opt/chefdk/embedded/apps/test-kitchen/lib/kitchen/config.rb:90:in `filter_instances'
E, [2014-05-03T21:13:58.294250 #59207] ERROR -- Kitchen: /opt/chefdk/embedded/apps/test-kitchen/lib/kitchen/config.rb:72:in `build_instances'
E, [2014-05-03T21:13:58.294284 #59207] ERROR -- Kitchen: /opt/chefdk/embedded/apps/test-kitchen/lib/kitchen/config.rb:52:in `instances'
E, [2014-05-03T21:13:58.294304 #59207] ERROR -- Kitchen: /opt/chefdk/embedded/apps/test-kitchen/lib/kitchen/command.rb:64:in `get_filtered_instances'
E, [2014-05-03T21:13:58.294324 #59207] ERROR -- Kitchen: /opt/chefdk/embedded/apps/test-kitchen/lib/kitchen/command.rb:85:in `parse_subcommand'
E, [2014-05-03T21:13:58.294344 #59207] ERROR -- Kitchen: /opt/chefdk/embedded/apps/test-kitchen/lib/kitchen/command/action.rb:37:in `block in call'
E, [2014-05-03T21:13:58.294364 #59207] ERROR -- Kitchen: /opt/chefdk/embedded/lib/ruby/2.1.0/benchmark.rb:279:in `measure'
E, [2014-05-03T21:13:58.294408 #59207] ERROR -- Kitchen: /opt/chefdk/embedded/apps/test-kitchen/lib/kitchen/command/action.rb:36:in `call'
E, [2014-05-03T21:13:58.294430 #59207] ERROR -- Kitchen: /opt/chefdk/embedded/apps/test-kitchen/lib/kitchen/cli.rb:47:in `perform'
E, [2014-05-03T21:13:58.294450 #59207] ERROR -- Kitchen: /opt/chefdk/embedded/apps/test-kitchen/lib/kitchen/cli.rb:118:in `block (2 levels) in <class:CLI>'
E, [2014-05-03T21:13:58.294470 #59207] ERROR -- Kitchen: /opt/chefdk/embedded/lib/ruby/gems/2.1.0/gems/thor-0.19.1/lib/thor/command.rb:27:in `run'
E, [2014-05-03T21:13:58.294490 #59207] ERROR -- Kitchen: /opt/chefdk/embedded/lib/ruby/gems/2.1.0/gems/thor-0.19.1/lib/thor/invocation.rb:126:in `invoke_command'
E, [2014-05-03T21:13:58.294513 #59207] ERROR -- Kitchen: /opt/chefdk/embedded/apps/test-kitchen/lib/kitchen/cli.rb:243:in `invoke_task'
E, [2014-05-03T21:13:58.294533 #59207] ERROR -- Kitchen: /opt/chefdk/embedded/lib/ruby/gems/2.1.0/gems/thor-0.19.1/lib/thor.rb:359:in `dispatch'
E, [2014-05-03T21:13:58.294553 #59207] ERROR -- Kitchen: /opt/chefdk/embedded/lib/ruby/gems/2.1.0/gems/thor-0.19.1/lib/thor/base.rb:440:in `start'
E, [2014-05-03T21:13:58.294573 #59207] ERROR -- Kitchen: /opt/chefdk/embedded/apps/test-kitchen/bin/kitchen:13:in `block in <top (required)>'
E, [2014-05-03T21:13:58.294593 #59207] ERROR -- Kitchen: /opt/chefdk/embedded/apps/test-kitchen/lib/kitchen/errors.rb:81:in `with_friendly_errors'
E, [2014-05-03T21:13:58.294612 #59207] ERROR -- Kitchen: /opt/chefdk/embedded/apps/test-kitchen/bin/kitchen:13:in `<top (required)>'
E, [2014-05-03T21:13:58.294645 #59207] ERROR -- Kitchen: /usr/bin/kitchen:10:in `load'
E, [2014-05-03T21:13:58.294664 #59207] ERROR -- Kitchen: /usr/bin/kitchen:10:in `<main>'
E, [2014-05-03T21:13:58.294683 #59207] ERROR -- Kitchen: ----------------------
E, [2014-05-03T21:15:25.261577 #59209] ERROR -- Kitchen: 
No instances for regex `--no-instance', try running `kitchen list'


I, [2014-05-03T21:15:33.599957 #59221]  INFO -- Kitchen: -----> Starting Kitchen (v1.2.2.dev)
I, [2014-05-03T21:15:34.084038 #59221]  INFO -- Kitchen: -----> Creating <default-ubuntu-1204>...
I, [2014-05-03T21:16:11.537224 #59221]  INFO -- Kitchen: -----> Converging <default-ubuntu-1204>...
I, [2014-05-03T21:16:41.741997 #59221]  INFO -- Kitchen: -----> Kitchen is finished. (1m8.14s)
I, [2014-05-04T12:35:44.333035 #59828]  INFO -- Kitchen: -----> Starting Kitchen (v1.2.2.dev)
E, [2014-05-04T12:35:44.803541 #59828] ERROR -- Kitchen: 
No instances for regex `default-centos-59', try running `kitchen list'


I, [2014-05-04T12:35:52.132383 #59838]  INFO -- Kitchen: -----> Starting Kitchen (v1.2.2.dev)
I, [2014-05-04T12:35:52.603122 #59838]  INFO -- Kitchen: -----> Converging <default-ubuntu-1204>...
E, [2014-05-04T12:36:01.959770 #59838] ERROR -- Kitchen: Converge failed on instance <default-ubuntu-1204>.
I, [2014-05-04T12:36:48.963066 #59851]  INFO -- Kitchen: -----> Starting Kitchen (v1.2.2.dev)
I, [2014-05-04T12:36:49.425983 #59851]  INFO -- Kitchen: -----> Converging <default-ubuntu-1204>...
I, [2014-05-04T12:37:26.126930 #59851]  INFO -- Kitchen: -----> Kitchen is finished. (0m37.16s)
I, [2014-05-04T12:37:54.079599 #59862]  INFO -- Kitchen: -----> Starting Kitchen (v1.2.2.dev)
I, [2014-05-04T12:37:54.556773 #59862]  INFO -- Kitchen: -----> Converging <default-ubuntu-1204>...
I, [2014-05-04T12:38:03.618879 #59862]  INFO -- Kitchen: -----> Kitchen is finished. (0m9.54s)
I, [2014-05-04T12:38:29.694792 #59872]  INFO -- Kitchen: -----> Starting Kitchen (v1.2.2.dev)
I, [2014-05-04T12:38:30.170835 #59872]  INFO -- Kitchen: -----> Converging <default-ubuntu-1204>...
I, [2014-05-04T12:38:38.511273 #59872]  INFO -- Kitchen: -----> Kitchen is finished. (0m8.82s)
